  链表.cpp
D:\c语言平时练习\链表节点\链表.cpp(23,23): warning C4244: “=”: 从“int”转换到“float”，可能丢失数据
D:\c语言平时练习\链表节点\链表.cpp(25,22): warning C4244: “=”: 从“int”转换到“float”，可能丢失数据
D:\c语言平时练习\链表节点\链表.cpp(18,34): warning C4101: “prior1”: 未引用的局部变量
D:\c语言平时练习\链表节点\链表.cpp(66,12): warning C4473: “scanf_s”: 没有为格式字符串传递足够的参数
D:\c语言平时练习\链表节点\链表.cpp(66,12): message : 占位符和其参数预计 2 可变参数，但提供的却是 1 参数
D:\c语言平时练习\链表节点\链表.cpp(66,12): message : 缺失的可变参数 2 为格式字符串“%s”所需
D:\c语言平时练习\链表节点\链表.cpp(66,12): message : 此参数用作缓冲区大小
D:\c语言平时练习\链表节点\链表.cpp(67,12): warning C4473: “scanf_s”: 没有为格式字符串传递足够的参数
D:\c语言平时练习\链表节点\链表.cpp(67,12): message : 占位符和其参数预计 2 可变参数，但提供的却是 1 参数
D:\c语言平时练习\链表节点\链表.cpp(67,12): message : 缺失的可变参数 2 为格式字符串“%s”所需
D:\c语言平时练习\链表节点\链表.cpp(67,12): message : 此参数用作缓冲区大小
D:\c语言平时练习\链表节点\链表.cpp(73,12): warning C4473: “scanf_s”: 没有为格式字符串传递足够的参数
D:\c语言平时练习\链表节点\链表.cpp(73,12): message : 占位符和其参数预计 2 可变参数，但提供的却是 1 参数
D:\c语言平时练习\链表节点\链表.cpp(73,12): message : 缺失的可变参数 2 为格式字符串“%s”所需
D:\c语言平时练习\链表节点\链表.cpp(73,12): message : 此参数用作缓冲区大小
D:\c语言平时练习\链表节点\链表.cpp(74,12): warning C4473: “scanf_s”: 没有为格式字符串传递足够的参数
D:\c语言平时练习\链表节点\链表.cpp(74,12): message : 占位符和其参数预计 2 可变参数，但提供的却是 1 参数
D:\c语言平时练习\链表节点\链表.cpp(74,12): message : 缺失的可变参数 2 为格式字符串“%s”所需
D:\c语言平时练习\链表节点\链表.cpp(74,12): message : 此参数用作缓冲区大小
D:\c语言平时练习\链表节点\链表.cpp(99,10): warning C4473: “scanf_s”: 没有为格式字符串传递足够的参数
D:\c语言平时练习\链表节点\链表.cpp(99,10): message : 占位符和其参数预计 2 可变参数，但提供的却是 1 参数
D:\c语言平时练习\链表节点\链表.cpp(99,10): message : 缺失的可变参数 2 为格式字符串“%s”所需
D:\c语言平时练习\链表节点\链表.cpp(99,10): message : 此参数用作缓冲区大小
D:\c语言平时练习\链表节点\链表.cpp(124,23): warning C4244: “=”: 从“int”转换到“float”，可能丢失数据
D:\c语言平时练习\链表节点\链表.cpp(126,22): warning C4244: “=”: 从“int”转换到“float”，可能丢失数据
D:\c语言平时练习\链表节点\链表.cpp(152,30): warning C4101: “p”: 未引用的局部变量
  链表节点.vcxproj -> D:\c语言平时练习\链表节点\Debug\链表节点.exe
