  SATdisplay.cpp
E:\tencent\1875912440\FileRecv\SAT(1)\cnfparser.h(42,7): warning C4996: 'fopen': This function or variable may be unsafe. Consider using fopen_s instead. To disable deprecation, use _CRT_SECURE_NO_WARNINGS. See online help for details.
E:\tencent\1875912440\FileRecv\SAT(1)\cnfparser.h(57,2): warning C4996: 'fscanf': This function or variable may be unsafe. Consider using fscanf_s instead. To disable deprecation, use _CRT_SECURE_NO_WARNINGS. See online help for details.
E:\tencent\1875912440\FileRecv\SAT(1)\cnfparser.h(61,5): warning C4996: 'fscanf': This function or variable may be unsafe. Consider using fscanf_s instead. To disable deprecation, use _CRT_SECURE_NO_WARNINGS. See online help for details.
E:\tencent\1875912440\FileRecv\SAT(1)\cnfparser.h(63,4): warning C4996: 'fscanf': This function or variable may be unsafe. Consider using fscanf_s instead. To disable deprecation, use _CRT_SECURE_NO_WARNINGS. See online help for details.
E:\tencent\1875912440\FileRecv\SAT(1)\cnfparser.h(67,5): warning C4996: 'fscanf': This function or variable may be unsafe. Consider using fscanf_s instead. To disable deprecation, use _CRT_SECURE_NO_WARNINGS. See online help for details.
E:\tencent\1875912440\FileRecv\SAT(1)\cnfparser.h(72,5): warning C4996: 'fscanf': This function or variable may be unsafe. Consider using fscanf_s instead. To disable deprecation, use _CRT_SECURE_NO_WARNINGS. See online help for details.
E:\tencent\1875912440\FileRecv\SAT(1)\cnfparser.h(77,5): warning C4996: 'fscanf': This function or variable may be unsafe. Consider using fscanf_s instead. To disable deprecation, use _CRT_SECURE_NO_WARNINGS. See online help for details.
E:\tencent\1875912440\FileRecv\SAT(1)\cnfparser.h(82,5): warning C4996: 'fscanf': This function or variable may be unsafe. Consider using fscanf_s instead. To disable deprecation, use _CRT_SECURE_NO_WARNINGS. See online help for details.
E:\tencent\1875912440\FileRecv\SAT(1)\cnfparser.h(86,4): warning C4996: 'fscanf': This function or variable may be unsafe. Consider using fscanf_s instead. To disable deprecation, use _CRT_SECURE_NO_WARNINGS. See online help for details.
E:\tencent\1875912440\FileRecv\SAT(1)\cnfparser.h(97,9): warning C4996: 'fscanf': This function or variable may be unsafe. Consider using fscanf_s instead. To disable deprecation, use _CRT_SECURE_NO_WARNINGS. See online help for details.
E:\tencent\1875912440\FileRecv\SAT(1)\cnfparser.h(102,8): warning C4996: 'fscanf': This function or variable may be unsafe. Consider using fscanf_s instead. To disable deprecation, use _CRT_SECURE_NO_WARNINGS. See online help for details.
E:\tencent\1875912440\FileRecv\SAT(1)\cnfparser.h(109,6): warning C4996: 'fscanf': This function or variable may be unsafe. Consider using fscanf_s instead. To disable deprecation, use _CRT_SECURE_NO_WARNINGS. See online help for details.
E:\tencent\1875912440\FileRecv\SAT(1)\cnfparser.h(117,5): warning C4996: 'fscanf': This function or variable may be unsafe. Consider using fscanf_s instead. To disable deprecation, use _CRT_SECURE_NO_WARNINGS. See online help for details.
E:\tencent\1875912440\FileRecv\SAT(1)\cnfparser.h(118,4): warning C4996: 'fscanf': This function or variable may be unsafe. Consider using fscanf_s instead. To disable deprecation, use _CRT_SECURE_NO_WARNINGS. See online help for details.
E:\tencent\1875912440\FileRecv\SAT(1)\cnfparser.h(131,8): warning C4996: 'fscanf': This function or variable may be unsafe. Consider using fscanf_s instead. To disable deprecation, use _CRT_SECURE_NO_WARNINGS. See online help for details.
E:\tencent\1875912440\FileRecv\SAT(1)\cnfparser.h(269,7): warning C4996: 'fopen': This function or variable may be unsafe. Consider using fopen_s instead. To disable deprecation, use _CRT_SECURE_NO_WARNINGS. See online help for details.
E:\tencent\1875912440\FileRecv\SAT(1)\SATdisplay.cpp(29,3): warning C4996: 'scanf': This function or variable may be unsafe. Consider using scanf_s instead. To disable deprecation, use _CRT_SECURE_NO_WARNINGS. See online help for details.
E:\tencent\1875912440\FileRecv\SAT(1)\SATdisplay.cpp(45,4): warning C4996: 'scanf': This function or variable may be unsafe. Consider using scanf_s instead. To disable deprecation, use _CRT_SECURE_NO_WARNINGS. See online help for details.
E:\tencent\1875912440\FileRecv\SAT(1)\SATdisplay.cpp(14,9): warning C4101: “duration”: 未引用的局部变量
E:\tencent\1875912440\FileRecv\SAT(1)\SATdisplay.cpp(18,9): warning C4101: “s”: 未引用的局部变量
E:\tencent\1875912440\FileRecv\SAT(1)\SATdisplay.cpp(17,9): warning C4101: “time”: 未引用的局部变量
  正在生成代码
  1 of 26 functions ( 3.8%) were compiled, the rest were copied from previous compilation.
    0 functions were new in current compilation
    1 functions had inline decision re-evaluated but remain unchanged
  已完成代码的生成
  SAT.vcxproj -> E:\tencent\1875912440\FileRecv\SAT(1)\Release\SAT.exe
