  main.cpp
C:\Users\u2020\Desktop\华中科技大学\数据结构实验\suduko\cnfs.h(18,8): warning C4996: 'fopen': This function or variable may be unsafe. Consider using fopen_s instead. To disable deprecation, use _CRT_SECURE_NO_WARNINGS. See online help for details.
C:\Users\u2020\Desktop\华中科技大学\数据结构实验\suduko\cnfs.h(23,3): warning C4996: 'fscanf': This function or variable may be unsafe. Consider using fscanf_s instead. To disable deprecation, use _CRT_SECURE_NO_WARNINGS. See online help for details.
C:\Users\u2020\Desktop\华中科技大学\数据结构实验\suduko\cnfs.h(27,9): warning C4996: 'fscanf': This function or variable may be unsafe. Consider using fscanf_s instead. To disable deprecation, use _CRT_SECURE_NO_WARNINGS. See online help for details.
C:\Users\u2020\Desktop\华中科技大学\数据结构实验\suduko\cnfs.h(29,7): warning C4996: 'fscanf': This function or variable may be unsafe. Consider using fscanf_s instead. To disable deprecation, use _CRT_SECURE_NO_WARNINGS. See online help for details.
C:\Users\u2020\Desktop\华中科技大学\数据结构实验\suduko\cnfs.h(33,11): warning C4996: 'fscanf': This function or variable may be unsafe. Consider using fscanf_s instead. To disable deprecation, use _CRT_SECURE_NO_WARNINGS. See online help for details.
C:\Users\u2020\Desktop\华中科技大学\数据结构实验\suduko\cnfs.h(38,11): warning C4996: 'fscanf': This function or variable may be unsafe. Consider using fscanf_s instead. To disable deprecation, use _CRT_SECURE_NO_WARNINGS. See online help for details.
C:\Users\u2020\Desktop\华中科技大学\数据结构实验\suduko\cnfs.h(43,11): warning C4996: 'fscanf': This function or variable may be unsafe. Consider using fscanf_s instead. To disable deprecation, use _CRT_SECURE_NO_WARNINGS. See online help for details.
C:\Users\u2020\Desktop\华中科技大学\数据结构实验\suduko\cnfs.h(48,11): warning C4996: 'fscanf': This function or variable may be unsafe. Consider using fscanf_s instead. To disable deprecation, use _CRT_SECURE_NO_WARNINGS. See online help for details.
C:\Users\u2020\Desktop\华中科技大学\数据结构实验\suduko\cnfs.h(53,7): warning C4996: 'fscanf': This function or variable may be unsafe. Consider using fscanf_s instead. To disable deprecation, use _CRT_SECURE_NO_WARNINGS. See online help for details.
C:\Users\u2020\Desktop\华中科技大学\数据结构实验\suduko\cnfs.h(64,17): warning C4996: 'fscanf': This function or variable may be unsafe. Consider using fscanf_s instead. To disable deprecation, use _CRT_SECURE_NO_WARNINGS. See online help for details.
C:\Users\u2020\Desktop\华中科技大学\数据结构实验\suduko\cnfs.h(69,15): warning C4996: 'fscanf': This function or variable may be unsafe. Consider using fscanf_s instead. To disable deprecation, use _CRT_SECURE_NO_WARNINGS. See online help for details.
C:\Users\u2020\Desktop\华中科技大学\数据结构实验\suduko\cnfs.h(78,11): warning C4996: 'fscanf': This function or variable may be unsafe. Consider using fscanf_s instead. To disable deprecation, use _CRT_SECURE_NO_WARNINGS. See online help for details.
C:\Users\u2020\Desktop\华中科技大学\数据结构实验\suduko\cnfs.h(87,9): warning C4996: 'fscanf': This function or variable may be unsafe. Consider using fscanf_s instead. To disable deprecation, use _CRT_SECURE_NO_WARNINGS. See online help for details.
C:\Users\u2020\Desktop\华中科技大学\数据结构实验\suduko\cnfs.h(89,7): warning C4996: 'fscanf': This function or variable may be unsafe. Consider using fscanf_s instead. To disable deprecation, use _CRT_SECURE_NO_WARNINGS. See online help for details.
C:\Users\u2020\Desktop\华中科技大学\数据结构实验\suduko\cnfs.h(102,7): warning C4996: 'fscanf': This function or variable may be unsafe. Consider using fscanf_s instead. To disable deprecation, use _CRT_SECURE_NO_WARNINGS. See online help for details.
C:\Users\u2020\Desktop\华中科技大学\数据结构实验\suduko\res.h(10,8): warning C4996: 'fopen': This function or variable may be unsafe. Consider using fopen_s instead. To disable deprecation, use _CRT_SECURE_NO_WARNINGS. See online help for details.
C:\Users\u2020\Desktop\华中科技大学\数据结构实验\suduko\res.h(35,8): warning C4996: 'fopen': This function or variable may be unsafe. Consider using fopen_s instead. To disable deprecation, use _CRT_SECURE_NO_WARNINGS. See online help for details.
C:\Users\u2020\Desktop\华中科技大学\数据结构实验\suduko\game.h(33,13): warning C4244: “参数”: 从“time_t”转换到“unsigned int”，可能丢失数据
C:\Users\u2020\Desktop\华中科技大学\数据结构实验\suduko\game.h(32,10): warning C4101: “n”: 未引用的局部变量
C:\Users\u2020\Desktop\华中科技大学\数据结构实验\suduko\game.h(88,13): warning C4244: “参数”: 从“time_t”转换到“unsigned int”，可能丢失数据
C:\Users\u2020\Desktop\华中科技大学\数据结构实验\suduko\game.h(116,8): warning C4996: 'fopen': This function or variable may be unsafe. Consider using fopen_s instead. To disable deprecation, use _CRT_SECURE_NO_WARNINGS. See online help for details.
C:\Users\u2020\Desktop\华中科技大学\数据结构实验\suduko\main.cpp(29,5): warning C4996: 'scanf': This function or variable may be unsafe. Consider using scanf_s instead. To disable deprecation, use _CRT_SECURE_NO_WARNINGS. See online help for details.
C:\Users\u2020\Desktop\华中科技大学\数据结构实验\suduko\main.cpp(42,9): warning C4996: 'scanf': This function or variable may be unsafe. Consider using scanf_s instead. To disable deprecation, use _CRT_SECURE_NO_WARNINGS. See online help for details.
C:\Users\u2020\Desktop\华中科技大学\数据结构实验\suduko\main.cpp(67,9): warning C4996: 'scanf': This function or variable may be unsafe. Consider using scanf_s instead. To disable deprecation, use _CRT_SECURE_NO_WARNINGS. See online help for details.
C:\Users\u2020\Desktop\华中科技大学\数据结构实验\suduko\main.cpp(114,11): warning C4996: 'scanf': This function or variable may be unsafe. Consider using scanf_s instead. To disable deprecation, use _CRT_SECURE_NO_WARNINGS. See online help for details.
C:\Users\u2020\Desktop\华中科技大学\数据结构实验\suduko\main.cpp(130,15): warning C4996: 'scanf': This function or variable may be unsafe. Consider using scanf_s instead. To disable deprecation, use _CRT_SECURE_NO_WARNINGS. See online help for details.
C:\Users\u2020\Desktop\华中科技大学\数据结构实验\suduko\main.cpp(146,17): warning C4996: 'scanf': This function or variable may be unsafe. Consider using scanf_s instead. To disable deprecation, use _CRT_SECURE_NO_WARNINGS. See online help for details.
C:\Users\u2020\Desktop\华中科技大学\数据结构实验\suduko\main.cpp(150,17): warning C4996: 'scanf': This function or variable may be unsafe. Consider using scanf_s instead. To disable deprecation, use _CRT_SECURE_NO_WARNINGS. See online help for details.
C:\Users\u2020\Desktop\华中科技大学\数据结构实验\suduko\main.cpp(154,17): warning C4996: 'scanf': This function or variable may be unsafe. Consider using scanf_s instead. To disable deprecation, use _CRT_SECURE_NO_WARNINGS. See online help for details.
C:\Users\u2020\Desktop\华中科技大学\数据结构实验\suduko\main.cpp(166,15): warning C4996: 'scanf': This function or variable may be unsafe. Consider using scanf_s instead. To disable deprecation, use _CRT_SECURE_NO_WARNINGS. See online help for details.
C:\Users\u2020\Desktop\华中科技大学\数据结构实验\suduko\main.cpp(173,15): warning C4996: 'scanf': This function or variable may be unsafe. Consider using scanf_s instead. To disable deprecation, use _CRT_SECURE_NO_WARNINGS. See online help for details.
C:\Users\u2020\Desktop\华中科技大学\数据结构实验\suduko\main.cpp(183,15): warning C4996: 'scanf': This function or variable may be unsafe. Consider using scanf_s instead. To disable deprecation, use _CRT_SECURE_NO_WARNINGS. See online help for details.
C:\Users\u2020\Desktop\华中科技大学\数据结构实验\suduko\main.cpp(197,15): warning C4996: 'scanf': This function or variable may be unsafe. Consider using scanf_s instead. To disable deprecation, use _CRT_SECURE_NO_WARNINGS. See online help for details.
C:\Users\u2020\Desktop\华中科技大学\数据结构实验\suduko\main.cpp(15,7): warning C4101: “b”: 未引用的局部变量
C:\Users\u2020\Desktop\华中科技大学\数据结构实验\suduko\main.cpp(19,10): warning C4101: “s”: 未引用的局部变量
C:\Users\u2020\Desktop\华中科技大学\数据结构实验\suduko\main.cpp(18,10): warning C4101: “time”: 未引用的局部变量
C:\Users\u2020\Desktop\华中科技大学\数据结构实验\suduko\main.cpp(16,7): warning C4101: “num”: 未引用的局部变量
C:\Users\u2020\Desktop\华中科技大学\数据结构实验\suduko\new.h(275): warning C4715: “option2”: 不是所有的控件路径都返回值
  LINK : 没有找到 C:\Users\u2020\Desktop\华中科技大学\数据结构实验\suduko\Debug\suduko.exe 或上一个增量链接没有生成它；正在执行完全链接
  suduko.vcxproj -> C:\Users\u2020\Desktop\华中科技大学\数据结构实验\suduko\Debug\suduko.exe
